<?xml version="1.0" encoding="UTF-8"?>
<!-- Generated by org.testng.reporters.JUnitXMLReporter -->
<testsuite hostname="HYDLRAP000102" name="Test" tests="12" failures="4" timestamp="31 Dec 2019 04:34:55 GMT" time="18.793" errors="0">
  <testcase name="test1" time="0.003" classname="TestNGListeners.TestNGProg"/>
  <testcase name="test2" time="0.002" classname="TestNGListeners.TestNGProg">
    <failure type="junit.framework.AssertionFailedError">
      <![CDATA[junit.framework.AssertionFailedError
	at junit.framework.Assert.fail(Assert.java:55)
	at junit.framework.Assert.assertTrue(Assert.java:22)
	at junit.framework.Assert.assertTrue(Assert.java:31)
	at TestNGListeners.TestNGProg.test2(TestNGProg.java:55)
... Removed 24 stack frames]]>
    </failure>
  </testcase> <!-- test2 -->
  <testcase name="test3" time="0.0" classname="TestNGListeners.TestNGProg"/>
  <testcase name="test4" time="0.001" classname="TestNGListeners.TestNGProg">
    <failure type="java.lang.Exception" message="Just an exception thoriwng to test">
      <![CDATA[java.lang.Exception: Just an exception thoriwng to test
	at TestNGListeners.TestNGProg.test4(TestNGProg.java:68)
... Removed 24 stack frames]]>
    </failure>
  </testcase> <!-- test4 -->
  <testcase name="test5" time="0.0" classname="TestNGListeners.TestNGProg"/>
  <testcase name="googldeSearch" time="8.298" classname="TestNGListeners.TestNGProg"/>
  <testcase name="test6" time="0.0" classname="TestNGListeners.TestNGProg2"/>
  <testcase name="test8" time="0.001" classname="TestNGListeners.TestNGProg2"/>
  <testcase name="test11" time="0.001" classname="TestNGListeners.TestNGProg2"/>
  <testcase name="test10" time="0.001" classname="TestNGListeners.TestNGProg2"/>
  <testcase name="test9" time="0.001" classname="TestNGListeners.TestNGProg2">
    <failure type="java.lang.Exception" message="Just an exception thoriwng to test">
      <![CDATA[java.lang.Exception: Just an exception thoriwng to test
	at TestNGListeners.TestNGProg2.test9(TestNGProg2.java:33)
... Removed 24 stack frames]]>
    </failure>
  </testcase> <!-- test9 -->
  <testcase name="test7" time="0.0" classname="TestNGListeners.TestNGProg2">
    <failure type="junit.framework.AssertionFailedError">
      <![CDATA[junit.framework.AssertionFailedError
	at junit.framework.Assert.fail(Assert.java:55)
	at junit.framework.Assert.assertTrue(Assert.java:22)
	at junit.framework.Assert.assertTrue(Assert.java:31)
	at TestNGListeners.TestNGProg2.test7(TestNGProg2.java:20)
... Removed 24 stack frames]]>
    </failure>
  </testcase> <!-- test7 -->
</testsuite> <!-- Test -->
