<?xml version="1.0" encoding="UTF-8"?>
<!-- Generated by org.testng.reporters.JUnitReportReporter -->
<testsuite hostname="HYDLRAP000102" name="test.GoogleSerachwithTestNG" tests="1" failures="1" timestamp="30 Dec 2019 05:16:00 GMT" time="0.001" errors="0">
  <testcase name="googldeSearch" time="0.001" classname="test.GoogleSerachwithTestNG">
    <failure type="org.openqa.selenium.SessionNotCreatedException" message="session not created
from chrome not reachable
  (Session info: chrome=79.0.3945.88)
Build info: version: &#039;3.141.59&#039;, revision: &#039;e82be7d358&#039;, time: &#039;2018-11-14T08:17:03&#039;
System info: host: &#039;HYDLRAP000102&#039;, ip: &#039;10.204.30.56&#039;, os.name: &#039;Windows 10&#039;, os.arch: &#039;amd64&#039;, os.version: &#039;10.0&#039;, java.version: &#039;1.8.0_221&#039;
Driver info: driver.version: ChromeDriver
remote stacktrace: Backtrace:
	Ordinal0 [0x0079A113+1548563]
	Ordinal0 [0x0071DDA1+1039777]
	Ordinal0 [0x0069E32E+516910]
	Ordinal0 [0x00698012+491538]
	Ordinal0 [0x006986EB+493291]
	Ordinal0 [0x00699855+497749]
	Ordinal0 [0x00695885+481413]
	Ordinal0 [0x0069F0D0+520400]
	Ordinal0 [0x0064C030+180272]
	Ordinal0 [0x0064B59D+177565]
	Ordinal0 [0x006495FB+169467]
	Ordinal0 [0x0063160A+71178]
	Ordinal0 [0x00632690+75408]
	Ordinal0 [0x00632629+75305]
	Ordinal0 [0x007371B7+1143223]
	GetHandleVerifier [0x00832B46+507814]
	GetHandleVerifier [0x00832864+507076]
	GetHandleVerifier [0x00839F47+537511]
	GetHandleVerifier [0x00833402+510050]
	Ordinal0 [0x0072F29C+1110684]
	Ordinal0 [0x0073938B+1151883]
	Ordinal0 [0x007394F3+1152243]
	Ordinal0 [0x007383F5+1147893]
	BaseThreadInitThunk [0x76696359+25]
	RtlGetAppContainerNamedObjectPath [0x77917B74+228]
	RtlGetAppContainerNamedObjectPath [0x77917B44+180]
">
      <![CDATA[org.openqa.selenium.SessionNotCreatedException: session not created
from chrome not reachable
  (Session info: chrome=79.0.3945.88)
Build info: version: '3.141.59', revision: 'e82be7d358', time: '2018-11-14T08:17:03'
System info: host: 'HYDLRAP000102', ip: '10.204.30.56', os.name: 'Windows 10', os.arch: 'amd64', os.version: '10.0', java.version: '1.8.0_221'
Driver info: driver.version: ChromeDriver
remote stacktrace: Backtrace:
	Ordinal0 [0x0079A113+1548563]
	Ordinal0 [0x0071DDA1+1039777]
	Ordinal0 [0x0069E32E+516910]
	Ordinal0 [0x00698012+491538]
	Ordinal0 [0x006986EB+493291]
	Ordinal0 [0x00699855+497749]
	Ordinal0 [0x00695885+481413]
	Ordinal0 [0x0069F0D0+520400]
	Ordinal0 [0x0064C030+180272]
	Ordinal0 [0x0064B59D+177565]
	Ordinal0 [0x006495FB+169467]
	Ordinal0 [0x0063160A+71178]
	Ordinal0 [0x00632690+75408]
	Ordinal0 [0x00632629+75305]
	Ordinal0 [0x007371B7+1143223]
	GetHandleVerifier [0x00832B46+507814]
	GetHandleVerifier [0x00832864+507076]
	GetHandleVerifier [0x00839F47+537511]
	GetHandleVerifier [0x00833402+510050]
	Ordinal0 [0x0072F29C+1110684]
	Ordinal0 [0x0073938B+1151883]
	Ordinal0 [0x007394F3+1152243]
	Ordinal0 [0x007383F5+1147893]
	BaseThreadInitThunk [0x76696359+25]
	RtlGetAppContainerNamedObjectPath [0x77917B74+228]
	RtlGetAppContainerNamedObjectPath [0x77917B44+180]

	at sun.reflect.NativeConstructorAccessorImpl.newInstance0(Native Method)
	at sun.reflect.NativeConstructorAccessorImpl.newInstance(Unknown Source)
	at sun.reflect.DelegatingConstructorAccessorImpl.newInstance(Unknown Source)
	at java.lang.reflect.Constructor.newInstance(Unknown Source)
	at org.openqa.selenium.remote.W3CHandshakeResponse.lambda$errorHandler$0(W3CHandshakeResponse.java:62)
	at org.openqa.selenium.remote.HandshakeResponse.lambda$getResponseFunction$0(HandshakeResponse.java:30)
	at org.openqa.selenium.remote.ProtocolHandshake.lambda$createSession$0(ProtocolHandshake.java:126)
	at java.util.stream.ReferencePipeline$3$1.accept(Unknown Source)
	at java.util.Spliterators$ArraySpliterator.tryAdvance(Unknown Source)
	at java.util.stream.ReferencePipeline.forEachWithCancel(Unknown Source)
	at java.util.stream.AbstractPipeline.copyIntoWithCancel(Unknown Source)
	at java.util.stream.AbstractPipeline.copyInto(Unknown Source)
	at java.util.stream.AbstractPipeline.wrapAndCopyInto(Unknown Source)
	at java.util.stream.FindOps$FindOp.evaluateSequential(Unknown Source)
	at java.util.stream.AbstractPipeline.evaluate(Unknown Source)
	at java.util.stream.ReferencePipeline.findFirst(Unknown Source)
	at org.openqa.selenium.remote.ProtocolHandshake.createSession(ProtocolHandshake.java:128)
	at org.openqa.selenium.remote.ProtocolHandshake.createSession(ProtocolHandshake.java:74)
	at org.openqa.selenium.remote.HttpCommandExecutor.execute(HttpCommandExecutor.java:136)
	at org.openqa.selenium.remote.service.DriverCommandExecutor.execute(DriverCommandExecutor.java:83)
	at org.openqa.selenium.remote.RemoteWebDriver.execute(RemoteWebDriver.java:552)
	at org.openqa.selenium.remote.RemoteWebDriver.startSession(RemoteWebDriver.java:213)
	at org.openqa.selenium.remote.RemoteWebDriver.<init>(RemoteWebDriver.java:131)
	at org.openqa.selenium.chrome.ChromeDriver.<init>(ChromeDriver.java:181)
	at org.openqa.selenium.chrome.ChromeDriver.<init>(ChromeDriver.java:168)
	at org.openqa.selenium.chrome.ChromeDriver.<init>(ChromeDriver.java:123)
	at test.GoogleSerachwithTestNG.startDriver(GoogleSerachwithTestNG.java:21)
	at sun.reflect.NativeMethodAccessorImpl.invoke0(Native Method)
	at sun.reflect.NativeMethodAccessorImpl.invoke(Unknown Source)
	at sun.reflect.DelegatingMethodAccessorImpl.invoke(Unknown Source)
	at java.lang.reflect.Method.invoke(Unknown Source)
	at org.testng.internal.MethodInvocationHelper.invokeMethod(MethodInvocationHelper.java:80)
	at org.testng.internal.Invoker.invokeConfigurationMethod(Invoker.java:564)
	at org.testng.internal.Invoker.invokeConfigurations(Invoker.java:213)
	at org.testng.internal.Invoker.invokeConfigurations(Invoker.java:138)
	at org.testng.TestRunner.beforeRun(TestRunner.java:641)
	at org.testng.TestRunner.run(TestRunner.java:609)
	at org.testng.SuiteRunner.runTest(SuiteRunner.java:334)
	at org.testng.SuiteRunner.runSequentially(SuiteRunner.java:329)
	at org.testng.SuiteRunner.privateRun(SuiteRunner.java:291)
	at org.testng.SuiteRunner.run(SuiteRunner.java:240)
	at org.testng.SuiteRunnerWorker.runSuite(SuiteRunnerWorker.java:52)
	at org.testng.SuiteRunnerWorker.run(SuiteRunnerWorker.java:86)
	at org.testng.TestNG.runSuitesSequentially(TestNG.java:1198)
	at org.testng.TestNG.runSuitesLocally(TestNG.java:1123)
	at org.testng.TestNG.run(TestNG.java:1031)
	at org.testng.remote.AbstractRemoteTestNG.run(AbstractRemoteTestNG.java:132)
	at org.testng.remote.RemoteTestNG.initAndRun(RemoteTestNG.java:236)
	at org.testng.remote.RemoteTestNG.main(RemoteTestNG.java:81)
]]>
    </failure>
  </testcase> <!-- googldeSearch -->
</testsuite> <!-- test.GoogleSerachwithTestNG -->
